<?xml version="1.0" encoding="UTF-8"?>
<testsuite name="com.aor.numbers.ListDeduplicatorTest" tests="2" skipped="0" failures="0" errors="0" timestamp="2021-11-21T19:22:29" hostname="ASUS-TUF-GAMING-FX504GD-FX80GD" time="0.001">
  <properties/>
  <testcase name="deduplicate()" classname="com.aor.numbers.ListDeduplicatorTest" time="0.0"/>
  <testcase name="deduplicate_bug()" classname="com.aor.numbers.ListDeduplicatorTest" time="0.0"/>
  <system-out><![CDATA[]]></system-out>
  <system-err><![CDATA[]]></system-err>
</testsuite>
