<?xml version="1.0" encoding="UTF-8"?>
<testsuite name="ListDeduplicatorSpock" tests="1" skipped="0" failures="0" errors="0" timestamp="2021-11-27T02:15:30" hostname="ASUS-TUF-GAMING-FX504GD-FX80GD" time="0.006">
  <properties/>
  <testcase name="Deduplicate list test" classname="ListDeduplicatorSpock" time="0.006"/>
  <system-out><![CDATA[]]></system-out>
  <system-err><![CDATA[]]></system-err>
</testsuite>
