<?xml version="1.0" encoding="UTF-8"?>
<testsuite name="FirstSpecification" tests="7" skipped="0" failures="0" errors="0" timestamp="2021-11-27T02:15:29" hostname="ASUS-TUF-GAMING-FX504GD-FX80GD" time="0.056">
  <properties/>
  <testcase name="Two plus two should equal four" classname="FirstSpecification" time="0.003"/>
  <testcase name="Should be able to remove from list" classname="FirstSpecification" time="0.008"/>
  <testcase name="Should get index out of bounds when removing a non-existent item" classname="FirstSpecification" time="0.001"/>
  <testcase name="Numbers to the power of two [a: 1, b: 2, c: 1, #0]" classname="FirstSpecification" time="0.006"/>
  <testcase name="Numbers to the power of two [a: 2, b: 2, c: 4, #1]" classname="FirstSpecification" time="0.0"/>
  <testcase name="Numbers to the power of two [a: 3, b: 2, c: 9, #2]" classname="FirstSpecification" time="0.0"/>
  <testcase name="Numbers to the power of two" classname="FirstSpecification" time="0.043"/>
  <system-out><![CDATA[]]></system-out>
  <system-err><![CDATA[]]></system-err>
</testsuite>
