<?xml version="1.0" encoding="UTF-8"?>
<testsuite name="PositiveFilterSpock" tests="2" skipped="0" failures="0" errors="0" timestamp="2021-11-27T02:15:29" hostname="ASUS-TUF-GAMING-FX504GD-FX80GD" time="0.001">
  <properties/>
  <testcase name="True divisible accept method test" classname="PositiveFilterSpock" time="0.001"/>
  <testcase name="False divisible accept method test" classname="PositiveFilterSpock" time="0.0"/>
  <system-out><![CDATA[]]></system-out>
  <system-err><![CDATA[]]></system-err>
</testsuite>
