<?xml version="1.0" encoding="UTF-8"?>
<testsuite name="com.aor.numbers.ListSorterTest" tests="2" skipped="0" failures="0" errors="0" timestamp="2021-11-23T20:44:55" hostname="ASUS-TUF-GAMING-FX504GD-FX80GD" time="0.004">
  <properties/>
  <testcase name="sort()" classname="com.aor.numbers.ListSorterTest" time="0.001"/>
  <testcase name="sort_bug()" classname="com.aor.numbers.ListSorterTest" time="0.002"/>
  <system-out><![CDATA[[1, 2, 2, 4]
]]></system-out>
  <system-err><![CDATA[]]></system-err>
</testsuite>
