<?xml version="1.0" encoding="UTF-8"?>
<testsuite name="com.aor.numbers.DivisbleByFilterTest" tests="2" skipped="0" failures="0" errors="0" timestamp="2021-11-27T02:15:30" hostname="ASUS-TUF-GAMING-FX504GD-FX80GD" time="0.001">
  <properties/>
  <testcase name="falseDivisbleAccpet()" classname="com.aor.numbers.DivisbleByFilterTest" time="0.0"/>
  <testcase name="trueDivibleAccpet()" classname="com.aor.numbers.DivisbleByFilterTest" time="0.0"/>
  <system-out><![CDATA[]]></system-out>
  <system-err><![CDATA[]]></system-err>
</testsuite>
