<?xml version="1.0" encoding="UTF-8"?>
<testsuite name="com.aor.numbers.PositiveFilterTest" tests="2" skipped="0" failures="0" errors="0" timestamp="2021-11-27T02:15:30" hostname="ASUS-TUF-GAMING-FX504GD-FX80GD" time="0.004">
  <properties/>
  <testcase name="truePositiveAccpet()" classname="com.aor.numbers.PositiveFilterTest" time="0.003"/>
  <testcase name="falsePositiveAccpet()" classname="com.aor.numbers.PositiveFilterTest" time="0.001"/>
  <system-out><![CDATA[]]></system-out>
  <system-err><![CDATA[]]></system-err>
</testsuite>
