<?xml version="1.0" encoding="UTF-8"?>
<testsuite name="ListSorterSpock" tests="2" skipped="0" failures="0" errors="0" timestamp="2021-11-27T02:15:30" hostname="ASUS-TUF-GAMING-FX504GD-FX80GD" time="0.004">
  <properties/>
  <testcase name="Sort list test" classname="ListSorterSpock" time="0.004"/>
  <testcase name="Sort list bug test" classname="ListSorterSpock" time="0.0"/>
  <system-out><![CDATA[]]></system-out>
  <system-err><![CDATA[]]></system-err>
</testsuite>
