<?xml version="1.0" encoding="UTF-8"?>
<testsuite name="com.aor.numbers.ListSorterTest" tests="2" skipped="0" failures="0" errors="0" timestamp="2021-11-21T19:22:29" hostname="ASUS-TUF-GAMING-FX504GD-FX80GD" time="0.007">
  <properties/>
  <testcase name="sort()" classname="com.aor.numbers.ListSorterTest" time="0.004"/>
  <testcase name="sort_bug()" classname="com.aor.numbers.ListSorterTest" time="0.002"/>
  <system-out><![CDATA[[1, 2, 2, 4]
]]></system-out>
  <system-err><![CDATA[]]></system-err>
</testsuite>
