<?xml version="1.0" encoding="UTF-8"?>
<testsuite name="ListFiltererSpock" tests="3" skipped="0" failures="0" errors="0" timestamp="2021-11-27T02:15:29" hostname="ASUS-TUF-GAMING-FX504GD-FX80GD" time="0.417">
  <properties/>
  <testcase name="Filter list test" classname="ListFiltererSpock" time="0.41"/>
  <testcase name="Positive filter list test" classname="ListFiltererSpock" time="0.004"/>
  <testcase name="Divisble filter list test" classname="ListFiltererSpock" time="0.003"/>
  <system-out><![CDATA[]]></system-out>
  <system-err><![CDATA[]]></system-err>
</testsuite>
